<?xml version="1.0" encoding="UTF-8"?>
<!-- Generated by org.testng.reporters.JUnitReportReporter -->
<testsuite hostname="LAPTOP-SS1A5J3T" failures="0" tests="12" name="com.qa.testcases.ManageTestCases" time="1.277" errors="1" timestamp="2022-05-01T10:29:40 IST" skipped="11">
  <testcase classname="com.qa.testcases.ManageTestCases" name="manageSliderTc24" time="0.000">
    <skipped/>
  </testcase> <!-- manageSliderTc24 -->
  <system-out/>
  <testcase classname="com.qa.testcases.ManageTestCases" name="managePaymentMethodTc29" time="0.000">
    <skipped/>
  </testcase> <!-- managePaymentMethodTc29 -->
  <system-out/>
  <testcase classname="com.qa.testcases.ManageTestCases" name="cashOnDelevaryTc28" time="0.000">
    <skipped/>
  </testcase> <!-- cashOnDelevaryTc28 -->
  <system-out/>
  <testcase classname="com.qa.testcases.ManageTestCases" name="login" time="1.277">
    <error message="Cannot invoke &quot;org.openqa.selenium.SearchContext.findElement(org.openqa.selenium.By)&quot; because &quot;this.searchContext&quot; is null" type="java.lang.NullPointerException">
      <![CDATA[java.lang.NullPointerException: Cannot invoke "org.openqa.selenium.SearchContext.findElement(org.openqa.selenium.By)" because "this.searchContext" is null
at org.openqa.selenium.support.pagefactory.DefaultElementLocator.findElement(DefaultElementLocator.java:70)
at org.openqa.selenium.support.pagefactory.internal.LocatingElementHandler.invoke(LocatingElementHandler.java:39)
at jdk.proxy2/jdk.proxy2.$Proxy18.clear(Unknown Source)
at com.qa.utilities.PageUtilities.sendInput(PageUtilities.java:26)
at com.obsqura.qa.pages.LoginPage.login(LoginPage.java:44)
at com.qa.utilities.CommonMethods.login(CommonMethods.java:21)
at com.qa.testcases.ManageTestCases.login(ManageTestCases.java:42)
at java.base/jdk.internal.reflect.DirectMethodHandleAccessor.invoke(DirectMethodHandleAccessor.java:104)
at java.base/java.lang.reflect.Method.invoke(Method.java:577)
at org.testng.internal.MethodInvocationHelper.invokeMethod(MethodInvocationHelper.java:133)
at org.testng.internal.MethodInvocationHelper.invokeMethodConsideringTimeout(MethodInvocationHelper.java:62)
at org.testng.internal.ConfigInvoker.invokeConfigurationMethod(ConfigInvoker.java:385)
at org.testng.internal.ConfigInvoker.invokeConfigurations(ConfigInvoker.java:321)
at org.testng.internal.TestInvoker.runConfigMethods(TestInvoker.java:700)
at org.testng.internal.TestInvoker.invokeMethod(TestInvoker.java:527)
at org.testng.internal.TestInvoker.invokeTestMethod(TestInvoker.java:173)
at org.testng.internal.MethodRunner.runInSequence(MethodRunner.java:46)
at org.testng.internal.TestInvoker$MethodInvocationAgent.invoke(TestInvoker.java:824)
at org.testng.internal.TestInvoker.invokeTestMethods(TestInvoker.java:146)
at org.testng.internal.TestMethodWorker.invokeTestMethods(TestMethodWorker.java:146)
at org.testng.internal.TestMethodWorker.run(TestMethodWorker.java:128)
at java.base/java.util.ArrayList.forEach(ArrayList.java:1511)
at org.testng.TestRunner.privateRun(TestRunner.java:794)
at org.testng.TestRunner.run(TestRunner.java:596)
at org.testng.SuiteRunner.runTest(SuiteRunner.java:377)
at org.testng.SuiteRunner.runSequentially(SuiteRunner.java:371)
at org.testng.SuiteRunner.privateRun(SuiteRunner.java:332)
at org.testng.SuiteRunner.run(SuiteRunner.java:276)
at org.testng.SuiteRunnerWorker.runSuite(SuiteRunnerWorker.java:53)
at org.testng.SuiteRunnerWorker.run(SuiteRunnerWorker.java:96)
at org.testng.TestNG.runSuitesSequentially(TestNG.java:1212)
at org.testng.TestNG.runSuitesLocally(TestNG.java:1134)
at org.testng.TestNG.runSuites(TestNG.java:1063)
at org.testng.TestNG.run(TestNG.java:1031)
at org.testng.remote.AbstractRemoteTestNG.run(AbstractRemoteTestNG.java:115)
at org.testng.remote.RemoteTestNG.initAndRun(RemoteTestNG.java:251)
at org.testng.remote.RemoteTestNG.main(RemoteTestNG.java:77)
]]>
    </error>
  </testcase> <!-- login -->
  <system-out/>
  <testcase classname="com.qa.testcases.ManageTestCases" name="offerCodeTc27" time="0.000">
    <skipped/>
  </testcase> <!-- offerCodeTc27 -->
  <system-out/>
  <testcase classname="com.qa.testcases.ManageTestCases" name="pushNotificationTc22" time="0.000">
    <skipped/>
  </testcase> <!-- pushNotificationTc22 -->
  <system-out/>
  <testcase classname="com.qa.testcases.ManageTestCases" name="ManageDeleveryBoyTc30" time="0.000">
    <skipped/>
  </testcase> <!-- ManageDeleveryBoyTc30 -->
  <system-out/>
  <testcase classname="com.qa.testcases.ManageTestCases" name="manageCategoryTc25" time="0.000">
    <skipped/>
  </testcase> <!-- manageCategoryTc25 -->
  <system-out/>
  <testcase classname="com.qa.testcases.ManageTestCases" name="verifyUsersTc20" time="0.000">
    <skipped/>
  </testcase> <!-- verifyUsersTc20 -->
  <system-out/>
  <testcase classname="com.qa.testcases.ManageTestCases" name="manageCategoryTc26" time="0.000">
    <skipped/>
  </testcase> <!-- manageCategoryTc26 -->
  <system-out/>
  <testcase classname="com.qa.testcases.ManageTestCases" name="verifyUsersTc21" time="0.000">
    <skipped/>
  </testcase> <!-- verifyUsersTc21 -->
  <system-out/>
  <testcase classname="com.qa.testcases.ManageTestCases" name="manageLocationTc23" time="0.000">
    <skipped/>
  </testcase> <!-- manageLocationTc23 -->
  <system-out/>
</testsuite> <!-- com.qa.testcases.ManageTestCases -->
