<?xml version="1.0" encoding="UTF-8"?>
<!-- Generated by org.testng.reporters.JUnitReportReporter -->
<testsuite hostname="LAPTOP-SS1A5J3T" failures="0" tests="6" name="com.qa.testcases.ManageProductTestCases" time="0.133" errors="1" timestamp="2022-04-30T23:38:37 IST" skipped="5">
  <testcase classname="com.qa.testcases.ManageProductTestCases" name="manageExpenseTc15" time="0.000">
    <skipped/>
  </testcase> <!-- manageExpenseTc15 -->
  <system-out/>
  <testcase classname="com.qa.testcases.ManageProductTestCases" name="manageProductTc18" time="0.000">
    <skipped/>
  </testcase> <!-- manageProductTc18 -->
  <system-out/>
  <testcase classname="com.qa.testcases.ManageProductTestCases" name="manageExpenseTc16" time="0.000">
    <skipped/>
  </testcase> <!-- manageExpenseTc16 -->
  <system-out/>
  <testcase classname="com.qa.testcases.ManageProductTestCases" name="manageProductTc17" time="0.000">
    <skipped/>
  </testcase> <!-- manageProductTc17 -->
  <system-out/>
  <testcase classname="com.qa.testcases.ManageProductTestCases" name="manageProductTc19" time="0.000">
    <skipped/>
  </testcase> <!-- manageProductTc19 -->
  <system-out/>
  <testcase classname="com.qa.testcases.ManageProductTestCases" name="login" time="0.133">
    <error message="Input must be set" type="java.lang.IllegalArgumentException">
      <![CDATA[java.lang.IllegalArgumentException: Input must be set
at org.openqa.selenium.internal.Require.nonNull(Require.java:59)
at org.openqa.selenium.support.ui.FluentWait.<init>(FluentWait.java:97)
at org.openqa.selenium.support.ui.WebDriverWait.<init>(WebDriverWait.java:128)
at org.openqa.selenium.support.ui.WebDriverWait.<init>(WebDriverWait.java:61)
at com.qa.utilities.WaitUtil.visibilityOfEleLocated(WaitUtil.java:29)
at com.qa.utilities.PageUtilities.sendInput(PageUtilities.java:26)
at com.obsqura.qa.pages.LoginPage.login(LoginPage.java:41)
at com.qa.utilities.CommonMethods.login(CommonMethods.java:21)
at com.qa.testcases.ManageProductTestCases.login(ManageProductTestCases.java:32)
at java.base/jdk.internal.reflect.DirectMethodHandleAccessor.invoke(DirectMethodHandleAccessor.java:104)
at java.base/java.lang.reflect.Method.invoke(Method.java:577)
at org.testng.internal.MethodInvocationHelper.invokeMethod(MethodInvocationHelper.java:133)
at org.testng.internal.MethodInvocationHelper.invokeMethodConsideringTimeout(MethodInvocationHelper.java:62)
at org.testng.internal.ConfigInvoker.invokeConfigurationMethod(ConfigInvoker.java:385)
at org.testng.internal.ConfigInvoker.invokeConfigurations(ConfigInvoker.java:321)
at org.testng.internal.TestInvoker.runConfigMethods(TestInvoker.java:700)
at org.testng.internal.TestInvoker.invokeMethod(TestInvoker.java:527)
at org.testng.internal.TestInvoker.invokeTestMethod(TestInvoker.java:173)
at org.testng.internal.MethodRunner.runInSequence(MethodRunner.java:46)
at org.testng.internal.TestInvoker$MethodInvocationAgent.invoke(TestInvoker.java:824)
at org.testng.internal.TestInvoker.invokeTestMethods(TestInvoker.java:146)
at org.testng.internal.TestMethodWorker.invokeTestMethods(TestMethodWorker.java:146)
at org.testng.internal.TestMethodWorker.run(TestMethodWorker.java:128)
at java.base/java.util.ArrayList.forEach(ArrayList.java:1511)
at org.testng.TestRunner.privateRun(TestRunner.java:794)
at org.testng.TestRunner.run(TestRunner.java:596)
at org.testng.SuiteRunner.runTest(SuiteRunner.java:377)
at org.testng.SuiteRunner.runSequentially(SuiteRunner.java:371)
at org.testng.SuiteRunner.privateRun(SuiteRunner.java:332)
at org.testng.SuiteRunner.run(SuiteRunner.java:276)
at org.testng.SuiteRunnerWorker.runSuite(SuiteRunnerWorker.java:53)
at org.testng.SuiteRunnerWorker.run(SuiteRunnerWorker.java:96)
at org.testng.TestNG.runSuitesSequentially(TestNG.java:1212)
at org.testng.TestNG.runSuitesLocally(TestNG.java:1134)
at org.testng.TestNG.runSuites(TestNG.java:1063)
at org.testng.TestNG.run(TestNG.java:1031)
at org.testng.remote.AbstractRemoteTestNG.run(AbstractRemoteTestNG.java:115)
at org.testng.remote.RemoteTestNG.initAndRun(RemoteTestNG.java:251)
at org.testng.remote.RemoteTestNG.main(RemoteTestNG.java:77)
]]>
    </error>
  </testcase> <!-- login -->
  <system-out/>
</testsuite> <!-- com.qa.testcases.ManageProductTestCases -->
